[GIN-debug] [WARNING] Creating an Engine instance with the Logger and Recovery middleware already attached.

[GIN-debug] [WARNING] Running in "debug" mode. Switch to "release" mode in production.
 - using env:	export GIN_MODE=release
 - using code:	gin.SetMode(gin.ReleaseMode)

[GIN-debug] POST   /auth/register            --> userservice/controller.Register (5 handlers)
[GIN-debug] POST   /auth/login               --> userservice/controller.Login (5 handlers)
[GIN-debug] GET    /api/user/:ID             --> userservice/controller.UserGetProfiles (6 handlers)
[GIN-debug] POST   /api/user/:ID/assign_roles --> userservice/controller.UserAssignRole (6 handlers)
[GIN-debug] POST   /api/user/:ID/assign_corporate --> userservice/controller.UserAssignCorporation (6 handlers)
[GIN-debug] POST   /api/user/:ID/assign_role_app --> userservice/controller.UserAssignRoleApplication (6 handlers)
[GIN-debug] POST   /api/application          --> userservice/controller.ApplicationAddNew (6 handlers)
[GIN-debug] POST   /api/corporation          --> userservice/controller.CorporationAddNew (6 handlers)
[GIN-debug] POST   /api/article              --> userservice/controller.ArticleAddNew (6 handlers)
[GIN-debug] GET    /api/article/:ID          --> userservice/controller.ArticleFindById (6 handlers)
[GIN-debug] GET    /api/article              --> userservice/controller.AllArticles (6 handlers)
[GIN-debug] PATCH  /api/article/:ID/edit     --> userservice/controller.ArticleUpdate (6 handlers)
[GIN-debug] [WARNING] You trusted all proxies, this is NOT safe. We recommend you to set a value.
Please check https://pkg.go.dev/github.com/gin-gonic/gin#readme-don-t-trust-all-proxies for details.
[GIN-debug] Listening and serving HTTP on :8000
[GIN] 2023/01/08 - 23:44:32 | 200 |    230.5642ms |       127.0.0.1 | POST     "/auth/login"
[GIN] 2023/01/08 - 23:44:46 | 200 |    120.8075ms |       127.0.0.1 | GET      "/api/user/USR8432382036"
[GIN] 2023/01/08 - 23:47:20 | 200 |    122.0883ms |       127.0.0.1 | GET      "/api/user/USR8432382036"
